INFO:root:#######################################################
INFO:root:PyCes Initialized : 3/1/2024  1:31:44
INFO:root:#######################################################
INFO:root:PyCes Initialized : 3/1/2024  1:32:22
INFO:root:#######################################################
INFO:root:PyCes Initialized : 5/1/2024  0:6:20
INFO:root:#######################################################
INFO:root:PyCes Initialized : 5/1/2024  0:6:46
INFO:root:#######################################################
INFO:root:PyCes Initialized : 5/1/2024  0:6:59
INFO:root:#######################################################
INFO:root:PyCes Initialized : 5/1/2024  0:7:24
INFO:root:#######################################################
INFO:root:PyCes Initialized : 5/1/2024  0:7:57
INFO:root:#######################################################
INFO:root:PyCes Initialized : 5/1/2024  0:8:37
INFO:root:#######################################################
INFO:root:PyCes Initialized : 5/1/2024  0:8:48
INFO:root:#######################################################
INFO:root:PyCes Initialized : 5/1/2024  0:8:54
INFO:root:#######################################################
INFO:root:PyCes Initialized : 5/1/2024  0:9:21
INFO:root:Detecting libraries at path:/Users/nitinramesh/Desktop/Study/AWS/PyCes/Test_Project
INFO:root:#######################################################
INFO:root:PyCes Initialized : 5/1/2024  0:15:42
INFO:root:Detecting libraries at path:/Users/nitinramesh/Desktop/Study/AWS/PyCes/Test_Project
INFO:root:#######################################################
INFO:root:PyCes Initialized : 5/1/2024  0:24:46
INFO:root:Detecting libraries at path:/Users/nitinramesh/Desktop/Study/AWS/PyCes/Test_Project
INFO:root:#######################################################
INFO:root:PyCes Initialized : 5/1/2024  0:28:3
INFO:root:Detecting libraries at path:/Users/nitinramesh/Desktop/Study/AWS/PyCes/Test_Project
INFO:root:#######################################################
INFO:root:PyCes Initialized : 5/1/2024  0:55:27
INFO:root:Detecting libraries at path:/Users/nitinramesh/Desktop/Study/AWS/PyCes/Test_Project
INFO:root:#######################################################
INFO:root:PyCes Initialized : 5/1/2024  0:56:56
INFO:root:Detecting libraries at path:/Users/nitinramesh/Desktop/Study/AWS/PyCes/Test_Project
INFO:root:#######################################################
INFO:root:PyCes Initialized : 5/1/2024  0:58:3
INFO:root:Detecting libraries at path:/Users/nitinramesh/Desktop/Study/AWS/PyCes/Test_Project
INFO:root:#######################################################
INFO:root:PyCes Initialized : 5/1/2024  0:58:39
INFO:root:Detecting libraries at path:/Users/nitinramesh/Desktop/Study/AWS/PyCes/Test_Project
INFO:root:#######################################################
INFO:root:PyCes Initialized : 5/1/2024  1:0:14
INFO:root:Detecting libraries at path:/Users/nitinramesh/Desktop/Study/AWS/PyCes/Test_Project
INFO:root:#######################################################
INFO:root:PyCes Initialized : 5/1/2024  1:2:33
INFO:root:Detecting libraries at path:/Users/nitinramesh/Desktop/Study/AWS/PyCes/Test_Project
INFO:root:#######################################################
INFO:root:PyCes Initialized : 5/1/2024  1:33:17
INFO:root:Detecting libraries at path:/Users/nitinramesh/Desktop/Study/AWS/PyCes/Test_Project
INFO:root:#######################################################
INFO:root:PyCes Initialized : 5/1/2024  1:33:41
INFO:root:Detecting libraries at path:/Users/nitinramesh/Desktop/Study/AWS/PyCes/Test_Project
INFO:root:#######################################################
INFO:root:PyCes Initialized : 5/1/2024  1:34:6
INFO:root:Detecting libraries at path:/Users/nitinramesh/Desktop/Study/AWS/PyCes/Test_Project
INFO:root:#######################################################
INFO:root:PyCes Initialized : 5/1/2024  1:34:40
INFO:root:Detecting libraries at path:/Users/nitinramesh/Desktop/Study/AWS/PyCes/Test_Project
INFO:root:#######################################################
INFO:root:PyCes Initialized : 5/1/2024  1:34:58
INFO:root:Detecting libraries at path:/Users/nitinramesh/Desktop/Study/AWS/PyCes/Test_Project
INFO:root:Test_Project project folder has been cleared!
INFO:root:System ready for next test
INFO:root:Test Completed Successfully 5.168317794799805 seconds
INFO:root:#######################################################
INFO:root:PyCes Initialized : 5/1/2024  1:37:55
INFO:root:Detecting libraries at path:/Users/nitinramesh/Desktop/Study/AWS/PyCes/Test_Project
INFO:root:#######################################################
INFO:root:PyCes Initialized : 5/1/2024  1:39:30
INFO:root:Detecting libraries at path:/Users/nitinramesh/Desktop/Study/AWS/PyCes/Test_Project
INFO:root:#######################################################
INFO:root:PyCes Initialized : 5/1/2024  1:40:30
INFO:root:Detecting libraries at path:/Users/nitinramesh/Desktop/Study/AWS/PyCes/Test_Project
INFO:root:#######################################################
INFO:root:PyCes Initialized : 5/1/2024  1:40:45
INFO:root:Detecting libraries at path:/Users/nitinramesh/Desktop/Study/AWS/PyCes/Test_Project
INFO:root:Test_Project project folder has been cleared!
INFO:root:System ready for next test
INFO:root:Test Completed Successfully 7.26469087600708 seconds
INFO:root:#######################################################
INFO:root:PyCes Initialized : 5/1/2024  1:46:52
INFO:root:Detecting libraries at path:/Users/nitinramesh/Desktop/Study/AWS/PyCes/Test_Project
INFO:root:Test_Project project folder has been cleared!
INFO:root:System ready for next test
INFO:root:Test Completed Successfully 6.2588090896606445 seconds
